<?xml version="1.0" encoding="UTF-8"?>
<!-- Generated by org.testng.reporters.JUnitXMLReporter -->
<testsuite hostname="DESKTOP-0SSL50Q" ignored="2" name="Ecommerce Home" tests="2" failures="1" timestamp="05 Mar 2022 19:59:13 GMT" time="8.516" errors="0">
  <testcase name="searchTest" time="0.96" classname="pageobjectstests.HomePageTest"/>
  <testcase name="clickSignIn" time="0.0" classname="pageobjectstests.SignInTest">
    <failure type="org.testng.TestNGException" message="
Cannot inject @Test annotated Method [clickSignIn] with [class java.lang.String].
For more information on native dependency injection please refer to http://testng.org/doc/documentation-main.html#native-dependency-injection">
      <![CDATA[org.testng.TestNGException: 
Cannot inject @Test annotated Method [clickSignIn] with [class java.lang.String].
For more information on native dependency injection please refer to http://testng.org/doc/documentation-main.html#native-dependency-injection
... Removed 28 stack frames]]>
    </failure>
  </testcase> <!-- clickSignIn -->
  <testcase name="@BeforeSuite extentSetup" time="0.0" classname="browserdriver.BrowserDriver">
    <ignored/>
  </testcase> <!-- @BeforeSuite extentSetup -->
  <testcase name="@AfterSuite generateReport" time="0.0" classname="browserdriver.BrowserDriver">
    <ignored/>
  </testcase> <!-- @AfterSuite generateReport -->
</testsuite> <!-- Ecommerce Home -->
