<?xml version="1.0" encoding="UTF-8"?>
<testng-results skipped="0" failed="0" ignored="0" total="1" passed="1">
  <reporter-output>
    <line>
      <![CDATA[Extent Report DirectoryC:\Users\abusu\B2101WebAutomation\automationpractice\target\surefire-reports\html]]>
    </line>
  </reporter-output>
  <suite name="Automation Test" duration-ms="9605" started-at="2022-03-07T21:46:24Z" finished-at="2022-03-07T21:46:33Z">
    <groups>
    </groups>
    <test name="Ecommerce Home" duration-ms="9605" started-at="2022-03-07T21:46:24Z" finished-at="2022-03-07T21:46:33Z">
      <class name="pageobjectstests.HomePageTest">
        <test-method status="PASS" signature="extentSetup(org.testng.ITestContext)[pri:0, instance:pageobjectstests.HomePageTest@4439f31e]" name="extentSetup" is-config="true" duration-ms="238" started-at="2022-03-07T21:46:24Z" finished-at="2022-03-07T21:46:24Z">
          <params>
            <param index="0">
              <value>
                <![CDATA[org.testng.TestRunner@39ad977d]]>
              </value>
            </param>
          </params>
          <reporter-output>
            <line>
              <![CDATA[Extent Report DirectoryC:\Users\abusu\B2101WebAutomation\automationpractice\target\surefire-reports\html]]>
            </line>
          </reporter-output>
        </test-method> <!-- extentSetup -->
        <test-method status="PASS" signature="setUp()[pri:0, instance:pageobjectstests.HomePageTest@4439f31e]" name="setUp" is-config="true" duration-ms="5438" started-at="2022-03-07T21:46:24Z" finished-at="2022-03-07T21:46:29Z">
          <reporter-output>
          </reporter-output>
        </test-method> <!-- setUp -->
        <test-method status="PASS" signature="startExtent(java.lang.reflect.Method)[pri:0, instance:pageobjectstests.HomePageTest@4439f31e]" name="startExtent" is-config="true" duration-ms="8" started-at="2022-03-07T21:46:29Z" finished-at="2022-03-07T21:46:29Z">
          <params>
            <param index="0">
              <value>
                <![CDATA[public void pageobjectstests.HomePageTest.searchTest()]]>
              </value>
            </param>
          </params>
          <reporter-output>
          </reporter-output>
        </test-method> <!-- startExtent -->
        <test-method status="PASS" signature="initializeElements()[pri:0, instance:pageobjectstests.HomePageTest@4439f31e]" name="initializeElements" is-config="true" duration-ms="48" started-at="2022-03-07T21:46:29Z" finished-at="2022-03-07T21:46:29Z">
          <reporter-output>
          </reporter-output>
        </test-method> <!-- initializeElements -->
        <test-method status="PASS" signature="searchTest()[pri:0, instance:pageobjectstests.HomePageTest@4439f31e]" name="searchTest" duration-ms="2645" started-at="2022-03-07T21:46:29Z" finished-at="2022-03-07T21:46:32Z">
          <reporter-output>
          </reporter-output>
        </test-method> <!-- searchTest -->
        <test-method status="PASS" signature="afterEachTestMethod(org.testng.ITestResult)[pri:0, instance:pageobjectstests.HomePageTest@4439f31e]" name="afterEachTestMethod" is-config="true" duration-ms="1441" started-at="2022-03-07T21:46:32Z" finished-at="2022-03-07T21:46:33Z">
          <params>
            <param index="0">
              <value>
                <![CDATA[[TestResult name=searchTest status=SUCCESS method=HomePageTest.searchTest()[pri:0, instance:pageobjectstests.HomePageTest@4439f31e] output={null}]]]>
              </value>
            </param>
          </params>
          <reporter-output>
          </reporter-output>
        </test-method> <!-- afterEachTestMethod -->
        <test-method status="PASS" signature="cleanUP()[pri:0, instance:pageobjectstests.HomePageTest@4439f31e]" name="cleanUP" is-config="true" duration-ms="0" started-at="2022-03-07T21:46:33Z" finished-at="2022-03-07T21:46:33Z">
          <reporter-output>
          </reporter-output>
        </test-method> <!-- cleanUP -->
        <test-method status="PASS" signature="generateReport()[pri:0, instance:pageobjectstests.HomePageTest@4439f31e]" name="generateReport" is-config="true" duration-ms="44" started-at="2022-03-07T21:46:33Z" finished-at="2022-03-07T21:46:33Z">
          <reporter-output>
          </reporter-output>
        </test-method> <!-- generateReport -->
      </class> <!-- pageobjectstests.HomePageTest -->
    </test> <!-- Ecommerce Home -->
  </suite> <!-- Automation Test -->
</testng-results>
